This file contains any messages produced by compilers while
running configure, to aid debugging if configure makes a mistake.

It was created by Nbody6++ configure 1.0, which was
generated by GNU Autoconf 2.69.  Invocation command line was

  $ ./configure --enable-simd=sse --with-par=b128k --enable-openmp --disable-mpi

## --------- ##
## Platform. ##
## --------- ##

hostname = tooarrana2
uname -m = x86_64
uname -r = 4.18.0-477.13.1.el8_8.x86_64
uname -s = Linux
uname -v = #1 SMP Tue May 30 14:53:41 EDT 2023

/usr/bin/uname -p = x86_64
/bin/uname -X     = unknown

/bin/arch              = x86_64
/usr/bin/arch -k       = unknown
/usr/convex/getsysinfo = unknown
/usr/bin/hostinfo      = unknown
/bin/machine           = unknown
/usr/bin/oslevel       = unknown
/bin/universe          = unknown

PATH: /apps/modules/software/HDF5/1.13.1-gompi-2022a/bin
PATH: /apps/modules/software/GSL/2.7-GCC-11.3.0/bin
PATH: /apps/modules/software/git/2.36.0-GCCcore-11.3.0/bin
PATH: /apps/modules/software/CUDA/11.7.0/nvvm/bin
PATH: /apps/modules/software/CUDA/11.7.0/bin
PATH: /apps/modules/software/OpenMPI/4.1.4-GCC-11.3.0/bin
PATH: /apps/modules/software/ICU/71.1-GCCcore-11.3.0/sbin
PATH: /apps/modules/software/ICU/71.1-GCCcore-11.3.0/bin
PATH: /apps/modules/software/bzip2/1.0.8-GCCcore-11.3.0/bin
PATH: /apps/modules/software/Perl/5.34.1-GCCcore-11.3.0/bin
PATH: /apps/modules/software/DB/18.1.40-GCCcore-11.3.0/bin
PATH: /apps/modules/software/gettext/0.21-GCCcore-11.3.0/bin
PATH: /apps/modules/software/ncurses/6.3-GCCcore-11.3.0/bin
PATH: /apps/modules/software/expat/2.4.8-GCCcore-11.3.0/bin
PATH: /apps/modules/software/cURL/7.83.0-GCCcore-11.3.0/bin
PATH: /apps/modules/software/UCC/1.0.0-GCCcore-11.3.0/bin
PATH: /apps/modules/software/PMIx/4.1.2-GCCcore-11.3.0/bin
PATH: /apps/modules/software/libfabric/1.15.1-GCCcore-11.3.0/bin
PATH: /apps/modules/software/UCX/1.12.1-GCCcore-11.3.0/bin
PATH: /apps/modules/software/libevent/2.1.12-GCCcore-11.3.0/bin
PATH: /apps/modules/software/OpenSSL/1.1/bin
PATH: /apps/modules/software/hwloc/2.7.1-GCCcore-11.3.0/sbin
PATH: /apps/modules/software/hwloc/2.7.1-GCCcore-11.3.0/bin
PATH: /apps/modules/software/libxml2/2.9.13-GCCcore-11.3.0/bin
PATH: /apps/modules/software/XZ/5.2.5-GCCcore-11.3.0/bin
PATH: /apps/modules/software/numactl/2.0.14-GCCcore-11.3.0/bin
PATH: /apps/modules/software/binutils/2.38-GCCcore-11.3.0/bin
PATH: /apps/modules/software/GCCcore/11.3.0/bin
PATH: /apps/slurm/latest/sbin
PATH: /apps/slurm/latest/bin
PATH: /opt/nvidia/latest/usr/bin
PATH: /usr/local/bin
PATH: /usr/bin
PATH: /usr/local/sbin
PATH: /usr/sbin


## ----------- ##
## Core tests. ##
## ----------- ##

configure:2585: checking for gfortran
configure:2601: found /apps/modules/software/GCCcore/11.3.0/bin/gfortran
configure:2612: result: gfortran
configure:2638: checking for Fortran compiler version
configure:2647: gfortran --version >&5
GNU Fortran (GCC) 11.3.0
Copyright (C) 2021 Free Software Foundation, Inc.
This is free software; see the source for copying conditions.  There is NO
warranty; not even for MERCHANTABILITY or FITNESS FOR A PARTICULAR PURPOSE.

configure:2658: $? = 0
configure:2647: gfortran -v >&5
Using built-in specs.
COLLECT_GCC=gfortran
COLLECT_LTO_WRAPPER=/apps/modules/software/GCCcore/11.3.0/libexec/gcc/x86_64-pc-linux-gnu/11.3.0/lto-wrapper
OFFLOAD_TARGET_NAMES=nvptx-none
Target: x86_64-pc-linux-gnu
Configured with: ../configure --enable-languages=c,c++,fortran --without-cuda-driver --enable-offload-targets=nvptx-none --enable-lto --enable-checking=release --disable-multilib --enable-shared=yes --enable-static=yes --enable-threads=posix --enable-plugins --enable-gold --enable-ld=default --prefix=/apps/modules/software/GCCcore/11.3.0 --with-local-prefix=/apps/modules/software/GCCcore/11.3.0 --enable-bootstrap --with-isl=/dev/shm/easybuild/GCCcore/11.3.0/system-system/gcc-11.3.0/stage2_stuff --build=x86_64-pc-linux-gnu --host=x86_64-pc-linux-gnu
Thread model: posix
Supported LTO compression algorithms: zlib zstd
gcc version 11.3.0 (GCC) 
configure:2658: $? = 0
configure:2647: gfortran -V >&5
gfortran: error: unrecognized command-line option '-V'
gfortran: fatal error: no input files
compilation terminated.
configure:2658: $? = 1
configure:2647: gfortran -qversion >&5
gfortran: error: unrecognized command-line option '-qversion'; did you mean '--version'?
gfortran: fatal error: no input files
compilation terminated.
configure:2658: $? = 1
configure:2673: checking whether the Fortran compiler works
configure:2695: gfortran    conftest.f  >&5
configure:2699: $? = 0
configure:2747: result: yes
configure:2750: checking for Fortran compiler default output file name
configure:2752: result: a.out
configure:2758: checking for suffix of executables
configure:2765: gfortran -o conftest    conftest.f  >&5
configure:2769: $? = 0
configure:2791: result: 
configure:2807: checking whether we are cross compiling
configure:2815: gfortran -o conftest    conftest.f  >&5
configure:2819: $? = 0
configure:2826: ./conftest
configure:2830: $? = 0
configure:2845: result: no
configure:2850: checking for suffix of object files
configure:2866: gfortran -c   conftest.f >&5
configure:2870: $? = 0
configure:2891: result: o
configure:2899: checking whether we are using the GNU Fortran compiler
configure:2912: gfortran -c   conftest.F >&5
configure:2912: $? = 0
configure:2921: result: yes
configure:2927: checking whether gfortran accepts -g
configure:2938: gfortran -c -g  conftest.f >&5
configure:2938: $? = 0
configure:2946: result: yes
configure:3260: checking whether Fortran compiler accepts -fPIC
configure:3273: gfortran -c  -I../extra_inc/nompi -O3  -fPIC  conftest.f >&5
f951: Warning: Nonexistent include directory '../extra_inc/nompi' [-Wmissing-include-dirs]
configure:3273: $? = 0
configure:3281: result: yes
configure:3323: checking whether Fortran compiler accepts -mcmodel=medium
configure:3336: gfortran -c  -I../extra_inc/nompi -O3 -fPIC  -mcmodel=medium  conftest.f >&5
f951: Warning: Nonexistent include directory '../extra_inc/nompi' [-Wmissing-include-dirs]
configure:3336: $? = 0
configure:3345: result: yes
configure:3366: checking for gfortran option to support OpenMP
configure:3381: gfortran -o conftest  -I../extra_inc/nompi -O3 -fPIC -mcmodel=medium   conftest.f  >&5
f951: Warning: Nonexistent include directory '../extra_inc/nompi' [-Wmissing-include-dirs]
conftest.f:5:9:

    5 |       tid = 42
      |         1
Error: Symbol 'tid' at (1) has no IMPLICIT type
configure:3381: $? = 1
configure: failed program was:
| 
|       program main
|       implicit none
| !$    integer tid
|       tid = 42
|       call omp_set_num_threads(2)
|       end
| 
configure:3399: gfortran -o conftest  -I../extra_inc/nompi -O3 -fPIC -mcmodel=medium -fopenmp   conftest.f  >&5
f951: Warning: Nonexistent include directory '../extra_inc/nompi' [-Wmissing-include-dirs]
configure:3399: $? = 0
configure:3413: result: -fopenmp
configure:3528: checking for g++
configure:3544: found /apps/modules/software/GCCcore/11.3.0/bin/g++
configure:3555: result: g++
configure:3582: checking for C++ compiler version
configure:3591: g++ --version >&5
g++ (GCC) 11.3.0
Copyright (C) 2021 Free Software Foundation, Inc.
This is free software; see the source for copying conditions.  There is NO
warranty; not even for MERCHANTABILITY or FITNESS FOR A PARTICULAR PURPOSE.

configure:3602: $? = 0
configure:3591: g++ -v >&5
Using built-in specs.
COLLECT_GCC=g++
COLLECT_LTO_WRAPPER=/apps/modules/software/GCCcore/11.3.0/libexec/gcc/x86_64-pc-linux-gnu/11.3.0/lto-wrapper
OFFLOAD_TARGET_NAMES=nvptx-none
Target: x86_64-pc-linux-gnu
Configured with: ../configure --enable-languages=c,c++,fortran --without-cuda-driver --enable-offload-targets=nvptx-none --enable-lto --enable-checking=release --disable-multilib --enable-shared=yes --enable-static=yes --enable-threads=posix --enable-plugins --enable-gold --enable-ld=default --prefix=/apps/modules/software/GCCcore/11.3.0 --with-local-prefix=/apps/modules/software/GCCcore/11.3.0 --enable-bootstrap --with-isl=/dev/shm/easybuild/GCCcore/11.3.0/system-system/gcc-11.3.0/stage2_stuff --build=x86_64-pc-linux-gnu --host=x86_64-pc-linux-gnu
Thread model: posix
Supported LTO compression algorithms: zlib zstd
gcc version 11.3.0 (GCC) 
configure:3602: $? = 0
configure:3591: g++ -V >&5
g++: error: unrecognized command-line option '-V'
g++: fatal error: no input files
compilation terminated.
configure:3602: $? = 1
configure:3591: g++ -qversion >&5
g++: error: unrecognized command-line option '-qversion'; did you mean '--version'?
g++: fatal error: no input files
compilation terminated.
configure:3602: $? = 1
configure:3606: checking whether we are using the GNU C++ compiler
configure:3625: g++ -c   conftest.cpp >&5
configure:3625: $? = 0
configure:3634: result: yes
configure:3643: checking whether g++ accepts -g
configure:3663: g++ -c -g  conftest.cpp >&5
configure:3663: $? = 0
configure:3704: result: yes
configure:3775: checking for gcc
configure:3791: found /apps/modules/software/GCCcore/11.3.0/bin/gcc
configure:3802: result: gcc
configure:4031: checking for C compiler version
configure:4040: gcc --version >&5
gcc (GCC) 11.3.0
Copyright (C) 2021 Free Software Foundation, Inc.
This is free software; see the source for copying conditions.  There is NO
warranty; not even for MERCHANTABILITY or FITNESS FOR A PARTICULAR PURPOSE.

configure:4051: $? = 0
configure:4040: gcc -v >&5
Using built-in specs.
COLLECT_GCC=gcc
COLLECT_LTO_WRAPPER=/apps/modules/software/GCCcore/11.3.0/libexec/gcc/x86_64-pc-linux-gnu/11.3.0/lto-wrapper
OFFLOAD_TARGET_NAMES=nvptx-none
Target: x86_64-pc-linux-gnu
Configured with: ../configure --enable-languages=c,c++,fortran --without-cuda-driver --enable-offload-targets=nvptx-none --enable-lto --enable-checking=release --disable-multilib --enable-shared=yes --enable-static=yes --enable-threads=posix --enable-plugins --enable-gold --enable-ld=default --prefix=/apps/modules/software/GCCcore/11.3.0 --with-local-prefix=/apps/modules/software/GCCcore/11.3.0 --enable-bootstrap --with-isl=/dev/shm/easybuild/GCCcore/11.3.0/system-system/gcc-11.3.0/stage2_stuff --build=x86_64-pc-linux-gnu --host=x86_64-pc-linux-gnu
Thread model: posix
Supported LTO compression algorithms: zlib zstd
gcc version 11.3.0 (GCC) 
configure:4051: $? = 0
configure:4040: gcc -V >&5
gcc: error: unrecognized command-line option '-V'
gcc: fatal error: no input files
compilation terminated.
configure:4051: $? = 1
configure:4040: gcc -qversion >&5
gcc: error: unrecognized command-line option '-qversion'; did you mean '--version'?
gcc: fatal error: no input files
compilation terminated.
configure:4051: $? = 1
configure:4055: checking whether we are using the GNU C compiler
configure:4074: gcc -c   conftest.c >&5
configure:4074: $? = 0
configure:4083: result: yes
configure:4092: checking whether gcc accepts -g
configure:4112: gcc -c -g  conftest.c >&5
configure:4112: $? = 0
configure:4153: result: yes
configure:4170: checking for gcc option to accept ISO C89
configure:4233: gcc  -c -g -O2  conftest.c >&5
configure:4233: $? = 0
configure:4246: result: none needed
configure:4268: checking for main in -lstdc++
configure:4287: g++ -o conftest -g -O2   conftest.cpp -lstdc++   >&5
configure:4287: $? = 0
configure:4296: result: yes
configure:4316: checking for g++ option to support OpenMP
configure:4331: g++ -o conftest  -O3   conftest.cpp  -lstdc++ >&5
conftest.cpp:11:2: error: 'choke' does not name a type
   11 |  choke me
      |  ^~~~~
In file included from conftest.cpp:13:
/apps/modules/software/GCCcore/11.3.0/lib/gcc/x86_64-pc-linux-gnu/11.3.0/include/omp.h:45:3: error: 'omp_lock_t' does not name a type
   45 | } omp_lock_t;
      |   ^~~~~~~~~~
/apps/modules/software/GCCcore/11.3.0/lib/gcc/x86_64-pc-linux-gnu/11.3.0/include/omp.h:202:13: error: variable or field 'omp_init_lock' declared void
  202 | extern void omp_init_lock (omp_lock_t *) __GOMP_NOTHROW;
      |             ^~~~~~~~~~~~~
/apps/modules/software/GCCcore/11.3.0/lib/gcc/x86_64-pc-linux-gnu/11.3.0/include/omp.h:202:28: error: 'omp_lock_t' was not declared in this scope
  202 | extern void omp_init_lock (omp_lock_t *) __GOMP_NOTHROW;
      |                            ^~~~~~~~~~
/apps/modules/software/GCCcore/11.3.0/lib/gcc/x86_64-pc-linux-gnu/11.3.0/include/omp.h:202:40: error: expected primary-expression before ')' token
  202 | extern void omp_init_lock (omp_lock_t *) __GOMP_NOTHROW;
      |                                        ^
/apps/modules/software/GCCcore/11.3.0/lib/gcc/x86_64-pc-linux-gnu/11.3.0/include/omp.h:203:13: error: variable or field 'omp_init_lock_with_hint' declared void
  203 | extern void omp_init_lock_with_hint (omp_lock_t *, omp_sync_hint_t)
      |             ^~~~~~~~~~~~~~~~~~~~~~~
/apps/modules/software/GCCcore/11.3.0/lib/gcc/x86_64-pc-linux-gnu/11.3.0/include/omp.h:203:38: error: 'omp_lock_t' was not declared in this scope
  203 | extern void omp_init_lock_with_hint (omp_lock_t *, omp_sync_hint_t)
      |                                      ^~~~~~~~~~
/apps/modules/software/GCCcore/11.3.0/lib/gcc/x86_64-pc-linux-gnu/11.3.0/include/omp.h:203:50: error: expected primary-expression before ',' token
  203 | extern void omp_init_lock_with_hint (omp_lock_t *, omp_sync_hint_t)
      |                                                  ^
/apps/modules/software/GCCcore/11.3.0/lib/gcc/x86_64-pc-linux-gnu/11.3.0/include/omp.h:203:67: error: expected primary-expression before ')' token
  203 | extern void omp_init_lock_with_hint (omp_lock_t *, omp_sync_hint_t)
      |                                                                   ^
/apps/modules/software/GCCcore/11.3.0/lib/gcc/x86_64-pc-linux-gnu/11.3.0/include/omp.h:205:13: error: variable or field 'omp_destroy_lock' declared void
  205 | extern void omp_destroy_lock (omp_lock_t *) __GOMP_NOTHROW;
      |             ^~~~~~~~~~~~~~~~
/apps/modules/software/GCCcore/11.3.0/lib/gcc/x86_64-pc-linux-gnu/11.3.0/include/omp.h:205:31: error: 'omp_lock_t' was not declared in this scope
  205 | extern void omp_destroy_lock (omp_lock_t *) __GOMP_NOTHROW;
      |                               ^~~~~~~~~~
/apps/modules/software/GCCcore/11.3.0/lib/gcc/x86_64-pc-linux-gnu/11.3.0/include/omp.h:205:43: error: expected primary-expression before ')' token
  205 | extern void omp_destroy_lock (omp_lock_t *) __GOMP_NOTHROW;
      |                                           ^
/apps/modules/software/GCCcore/11.3.0/lib/gcc/x86_64-pc-linux-gnu/11.3.0/include/omp.h:206:13: error: variable or field 'omp_set_lock' declared void
  206 | extern void omp_set_lock (omp_lock_t *) __GOMP_NOTHROW;
      |             ^~~~~~~~~~~~
/apps/modules/software/GCCcore/11.3.0/lib/gcc/x86_64-pc-linux-gnu/11.3.0/include/omp.h:206:27: error: 'omp_lock_t' was not declared in this scope
  206 | extern void omp_set_lock (omp_lock_t *) __GOMP_NOTHROW;
      |                           ^~~~~~~~~~
/apps/modules/software/GCCcore/11.3.0/lib/gcc/x86_64-pc-linux-gnu/11.3.0/include/omp.h:206:39: error: expected primary-expression before ')' token
  206 | extern void omp_set_lock (omp_lock_t *) __GOMP_NOTHROW;
      |                                       ^
/apps/modules/software/GCCcore/11.3.0/lib/gcc/x86_64-pc-linux-gnu/11.3.0/include/omp.h:207:13: error: variable or field 'omp_unset_lock' declared void
  207 | extern void omp_unset_lock (omp_lock_t *) __GOMP_NOTHROW;
      |             ^~~~~~~~~~~~~~
/apps/modules/software/GCCcore/11.3.0/lib/gcc/x86_64-pc-linux-gnu/11.3.0/include/omp.h:207:29: error: 'omp_lock_t' was not declared in this scope
  207 | extern void omp_unset_lock (omp_lock_t *) __GOMP_NOTHROW;
      |                             ^~~~~~~~~~
/apps/modules/software/GCCcore/11.3.0/lib/gcc/x86_64-pc-linux-gnu/11.3.0/include/omp.h:207:41: error: expected primary-expression before ')' token
  207 | extern void omp_unset_lock (omp_lock_t *) __GOMP_NOTHROW;
      |                                         ^
/apps/modules/software/GCCcore/11.3.0/lib/gcc/x86_64-pc-linux-gnu/11.3.0/include/omp.h:208:27: error: 'omp_lock_t' was not declared in this scope
  208 | extern int omp_test_lock (omp_lock_t *) __GOMP_NOTHROW;
      |                           ^~~~~~~~~~
/apps/modules/software/GCCcore/11.3.0/lib/gcc/x86_64-pc-linux-gnu/11.3.0/include/omp.h:208:39: error: expected primary-expression before ')' token
  208 | extern int omp_test_lock (omp_lock_t *) __GOMP_NOTHROW;
      |                                       ^
configure:4331: $? = 1
configure: failed program was:
| /* confdefs.h */
| #define PACKAGE_NAME "Nbody6++"
| #define PACKAGE_TARNAME "nbody6--"
| #define PACKAGE_VERSION "1.0"
| #define PACKAGE_STRING "Nbody6++ 1.0"
| #define PACKAGE_BUGREPORT "longwang.astro@gmail.com"
| #define PACKAGE_URL ""
| /* end confdefs.h.  */
| 
| #ifndef _OPENMP
|  choke me
| #endif
| #include <omp.h>
| int main () { return omp_get_num_threads (); }
| 
configure:4349: g++ -o conftest  -O3 -fopenmp   conftest.cpp  -lstdc++ >&5
configure:4349: $? = 0
configure:4363: result: -fopenmp
configure:4378: checking whether C++ compiler accepts -march=native
configure:4397: g++ -c  -O3 -fopenmp -I../include  -march=native  conftest.cpp >&5
configure:4397: $? = 0
configure:4405: result: yes
configure:4415: checking whether C++ compiler accepts -fPIC
configure:4434: g++ -c  -O3 -fopenmp -I../include -march=native  -fPIC  conftest.cpp >&5
configure:4434: $? = 0
configure:4442: result: yes
configure:4490: checking whether C++ compiler accepts -mcmodel=medium
configure:4509: g++ -c  -O3 -fopenmp -I../include -march=native -fPIC  -mcmodel=medium  conftest.cpp >&5
configure:4509: $? = 0
configure:4518: result: yes
configure:4813: checking for "/proc/cpuinfo"
configure:4827: result: yes
configure:4830: checking for grep that handles long lines and -e
configure:4888: result: /usr/bin/grep
configure:4898: checking whether current CPU support sse
configure:4904: result: yes
configure:4911: checking whether C++ compiler accepts -msse
configure:4930: g++ -c  -O3 -fopenmp -I../include -march=native -fPIC -mcmodel=medium  -msse  conftest.cpp >&5
configure:4930: $? = 0
configure:4939: result: yes
configure:4972: checking how to run the C++ preprocessor
configure:4999: g++ -E  conftest.cpp
configure:4999: $? = 0
configure:5013: g++ -E  conftest.cpp
conftest.cpp:9:10: fatal error: ac_nonexistent.h: No such file or directory
    9 | #include <ac_nonexistent.h>
      |          ^~~~~~~~~~~~~~~~~~
compilation terminated.
configure:5013: $? = 1
configure: failed program was:
| /* confdefs.h */
| #define PACKAGE_NAME "Nbody6++"
| #define PACKAGE_TARNAME "nbody6--"
| #define PACKAGE_VERSION "1.0"
| #define PACKAGE_STRING "Nbody6++ 1.0"
| #define PACKAGE_BUGREPORT "longwang.astro@gmail.com"
| #define PACKAGE_URL ""
| /* end confdefs.h.  */
| #include <ac_nonexistent.h>
configure:5038: result: g++ -E
configure:5058: g++ -E  conftest.cpp
configure:5058: $? = 0
configure:5072: g++ -E  conftest.cpp
conftest.cpp:9:10: fatal error: ac_nonexistent.h: No such file or directory
    9 | #include <ac_nonexistent.h>
      |          ^~~~~~~~~~~~~~~~~~
compilation terminated.
configure:5072: $? = 1
configure: failed program was:
| /* confdefs.h */
| #define PACKAGE_NAME "Nbody6++"
| #define PACKAGE_TARNAME "nbody6--"
| #define PACKAGE_VERSION "1.0"
| #define PACKAGE_STRING "Nbody6++ 1.0"
| #define PACKAGE_BUGREPORT "longwang.astro@gmail.com"
| #define PACKAGE_URL ""
| /* end confdefs.h.  */
| #include <ac_nonexistent.h>
configure:5101: checking for egrep
configure:5163: result: /usr/bin/grep -E
configure:5168: checking for ANSI C header files
configure:5188: g++ -c  -O3 -fopenmp -I../include -march=native -fPIC -mcmodel=medium -msse  conftest.cpp >&5
configure:5188: $? = 0
configure:5261: g++ -o conftest  -O3 -fopenmp -I../include -march=native -fPIC -mcmodel=medium -msse   conftest.cpp  -lstdc++ >&5
configure:5261: $? = 0
configure:5261: ./conftest
configure:5261: $? = 0
configure:5272: result: yes
configure:5285: checking for sys/types.h
configure:5285: g++ -c  -O3 -fopenmp -I../include -march=native -fPIC -mcmodel=medium -msse  conftest.cpp >&5
configure:5285: $? = 0
configure:5285: result: yes
configure:5285: checking for sys/stat.h
configure:5285: g++ -c  -O3 -fopenmp -I../include -march=native -fPIC -mcmodel=medium -msse  conftest.cpp >&5
configure:5285: $? = 0
configure:5285: result: yes
configure:5285: checking for stdlib.h
configure:5285: g++ -c  -O3 -fopenmp -I../include -march=native -fPIC -mcmodel=medium -msse  conftest.cpp >&5
configure:5285: $? = 0
configure:5285: result: yes
configure:5285: checking for string.h
configure:5285: g++ -c  -O3 -fopenmp -I../include -march=native -fPIC -mcmodel=medium -msse  conftest.cpp >&5
configure:5285: $? = 0
configure:5285: result: yes
configure:5285: checking for memory.h
configure:5285: g++ -c  -O3 -fopenmp -I../include -march=native -fPIC -mcmodel=medium -msse  conftest.cpp >&5
configure:5285: $? = 0
configure:5285: result: yes
configure:5285: checking for strings.h
configure:5285: g++ -c  -O3 -fopenmp -I../include -march=native -fPIC -mcmodel=medium -msse  conftest.cpp >&5
configure:5285: $? = 0
configure:5285: result: yes
configure:5285: checking for inttypes.h
configure:5285: g++ -c  -O3 -fopenmp -I../include -march=native -fPIC -mcmodel=medium -msse  conftest.cpp >&5
configure:5285: $? = 0
configure:5285: result: yes
configure:5285: checking for stdint.h
configure:5285: g++ -c  -O3 -fopenmp -I../include -march=native -fPIC -mcmodel=medium -msse  conftest.cpp >&5
configure:5285: $? = 0
configure:5285: result: yes
configure:5285: checking for unistd.h
configure:5285: g++ -c  -O3 -fopenmp -I../include -march=native -fPIC -mcmodel=medium -msse  conftest.cpp >&5
configure:5285: $? = 0
configure:5285: result: yes
configure:5300: checking for stdlib.h
configure:5300: result: yes
configure:5300: checking for string.h
configure:5300: result: yes
configure:5300: checking for strings.h
configure:5300: result: yes
configure:5300: checking sys/time.h usability
configure:5300: g++ -c  -O3 -fopenmp -I../include -march=native -fPIC -mcmodel=medium -msse  conftest.cpp >&5
configure:5300: $? = 0
configure:5300: result: yes
configure:5300: checking sys/time.h presence
configure:5300: g++ -E  conftest.cpp
configure:5300: $? = 0
configure:5300: result: yes
configure:5300: checking for sys/time.h
configure:5300: result: yes
configure:5300: checking for unistd.h
configure:5300: result: yes
configure:5312: checking for stdbool.h that conforms to C99
configure:5379: g++ -c  -O3 -fopenmp -I../include -march=native -fPIC -mcmodel=medium -msse  conftest.cpp >&5
conftest.cpp:27:15: error: expected unqualified-id before string constant
   27 |               "error: bool is not defined"
      |               ^~~~~~~~~~~~~~~~~~~~~~~~~~~~
conftest.cpp:45:48: error: 's' does not name a type
   45 |              struct s { _Bool s: 1; _Bool t; } s;
      |                                                ^
conftest.cpp:55:28: error: 's' was not declared in this scope
   55 |              char i[sizeof s.t];
      |                            ^
conftest.cpp: In function 'int main()':
conftest.cpp:73:24: error: 's' was not declared in this scope
   73 |              bool e = &s;
      |                        ^
conftest.cpp:77:63: error: 'i' was not declared in this scope
   77 |              return (!a + !b + !c + !d + !e + !f + !g + !h + !i + !!j + !k + !!l
      |                                                               ^
configure:5379: $? = 1
configure: failed program was:
| /* confdefs.h */
| #define PACKAGE_NAME "Nbody6++"
| #define PACKAGE_TARNAME "nbody6--"
| #define PACKAGE_VERSION "1.0"
| #define PACKAGE_STRING "Nbody6++ 1.0"
| #define PACKAGE_BUGREPORT "longwang.astro@gmail.com"
| #define PACKAGE_URL ""
| #define STDC_HEADERS 1
| #define HAVE_SYS_TYPES_H 1
| #define HAVE_SYS_STAT_H 1
| #define HAVE_STDLIB_H 1
| #define HAVE_STRING_H 1
| #define HAVE_MEMORY_H 1
| #define HAVE_STRINGS_H 1
| #define HAVE_INTTYPES_H 1
| #define HAVE_STDINT_H 1
| #define HAVE_UNISTD_H 1
| #define HAVE_STDLIB_H 1
| #define HAVE_STRING_H 1
| #define HAVE_STRINGS_H 1
| #define HAVE_SYS_TIME_H 1
| #define HAVE_UNISTD_H 1
| /* end confdefs.h.  */
| 
|              #include <stdbool.h>
|              #ifndef bool
|               "error: bool is not defined"
|              #endif
|              #ifndef false
|               "error: false is not defined"
|              #endif
|              #if false
|               "error: false is not 0"
|              #endif
|              #ifndef true
|               "error: true is not defined"
|              #endif
|              #if true != 1
|               "error: true is not 1"
|              #endif
|              #ifndef __bool_true_false_are_defined
|               "error: __bool_true_false_are_defined is not defined"
|              #endif
| 
|              struct s { _Bool s: 1; _Bool t; } s;
| 
|              char a[true == 1 ? 1 : -1];
|              char b[false == 0 ? 1 : -1];
|              char c[__bool_true_false_are_defined == 1 ? 1 : -1];
|              char d[(bool) 0.5 == true ? 1 : -1];
|              /* See body of main program for 'e'.  */
|              char f[(_Bool) 0.0 == false ? 1 : -1];
|              char g[true];
|              char h[sizeof (_Bool)];
|              char i[sizeof s.t];
|              enum { j = false, k = true, l = false * true, m = true * 256 };
|              /* The following fails for
|                 HP aC++/ANSI C B3910B A.05.55 [Dec 04 2003]. */
|              _Bool n[m];
|              char o[sizeof n == m * sizeof n[0] ? 1 : -1];
|              char p[-1 - (_Bool) 0 < 0 && -1 - (bool) 0 < 0 ? 1 : -1];
|              /* Catch a bug in an HP-UX C compiler.  See
|                 http://gcc.gnu.org/ml/gcc-patches/2003-12/msg02303.html
|                 http://lists.gnu.org/archive/html/bug-coreutils/2005-11/msg00161.html
|               */
|              _Bool q = true;
|              _Bool *pq = &q;
| 
| int
| main ()
| {
| 
|              bool e = &s;
|              *pq |= q;
|              *pq |= ! q;
|              /* Refer to every declared value, to avoid compiler optimizations.  */
|              return (!a + !b + !c + !d + !e + !f + !g + !h + !i + !!j + !k + !!l
|                      + !m + !n + !o + !p + !q + !pq);
| 
|   ;
|   return 0;
| }
configure:5386: result: no
configure:5388: checking for _Bool
configure:5388: g++ -c  -O3 -fopenmp -I../include -march=native -fPIC -mcmodel=medium -msse  conftest.cpp >&5
conftest.cpp: In function 'int main()':
conftest.cpp:60:13: error: '_Bool' was not declared in this scope
   60 | if (sizeof (_Bool))
      |             ^~~~~
configure:5388: $? = 1
configure: failed program was:
| /* confdefs.h */
| #define PACKAGE_NAME "Nbody6++"
| #define PACKAGE_TARNAME "nbody6--"
| #define PACKAGE_VERSION "1.0"
| #define PACKAGE_STRING "Nbody6++ 1.0"
| #define PACKAGE_BUGREPORT "longwang.astro@gmail.com"
| #define PACKAGE_URL ""
| #define STDC_HEADERS 1
| #define HAVE_SYS_TYPES_H 1
| #define HAVE_SYS_STAT_H 1
| #define HAVE_STDLIB_H 1
| #define HAVE_STRING_H 1
| #define HAVE_MEMORY_H 1
| #define HAVE_STRINGS_H 1
| #define HAVE_INTTYPES_H 1
| #define HAVE_STDINT_H 1
| #define HAVE_UNISTD_H 1
| #define HAVE_STDLIB_H 1
| #define HAVE_STRING_H 1
| #define HAVE_STRINGS_H 1
| #define HAVE_SYS_TIME_H 1
| #define HAVE_UNISTD_H 1
| /* end confdefs.h.  */
| #include <stdio.h>
| #ifdef HAVE_SYS_TYPES_H
| # include <sys/types.h>
| #endif
| #ifdef HAVE_SYS_STAT_H
| # include <sys/stat.h>
| #endif
| #ifdef STDC_HEADERS
| # include <stdlib.h>
| # include <stddef.h>
| #else
| # ifdef HAVE_STDLIB_H
| #  include <stdlib.h>
| # endif
| #endif
| #ifdef HAVE_STRING_H
| # if !defined STDC_HEADERS && defined HAVE_MEMORY_H
| #  include <memory.h>
| # endif
| # include <string.h>
| #endif
| #ifdef HAVE_STRINGS_H
| # include <strings.h>
| #endif
| #ifdef HAVE_INTTYPES_H
| # include <inttypes.h>
| #endif
| #ifdef HAVE_STDINT_H
| # include <stdint.h>
| #endif
| #ifdef HAVE_UNISTD_H
| # include <unistd.h>
| #endif
| int
| main ()
| {
| if (sizeof (_Bool))
| 	 return 0;
|   ;
|   return 0;
| }
configure:5388: result: no
configure:5399: checking for inline
configure:5415: g++ -c  -O3 -fopenmp -I../include -march=native -fPIC -mcmodel=medium -msse  conftest.cpp >&5
configure:5415: $? = 0
configure:5423: result: inline
configure:5441: checking for size_t
configure:5441: g++ -c  -O3 -fopenmp -I../include -march=native -fPIC -mcmodel=medium -msse  conftest.cpp >&5
configure:5441: $? = 0
configure:5441: g++ -c  -O3 -fopenmp -I../include -march=native -fPIC -mcmodel=medium -msse  conftest.cpp >&5
conftest.cpp: In function 'int main()':
conftest.cpp:60:20: error: expected primary-expression before ')' token
   60 | if (sizeof ((size_t)))
      |                    ^
configure:5441: $? = 1
configure: failed program was:
| /* confdefs.h */
| #define PACKAGE_NAME "Nbody6++"
| #define PACKAGE_TARNAME "nbody6--"
| #define PACKAGE_VERSION "1.0"
| #define PACKAGE_STRING "Nbody6++ 1.0"
| #define PACKAGE_BUGREPORT "longwang.astro@gmail.com"
| #define PACKAGE_URL ""
| #define STDC_HEADERS 1
| #define HAVE_SYS_TYPES_H 1
| #define HAVE_SYS_STAT_H 1
| #define HAVE_STDLIB_H 1
| #define HAVE_STRING_H 1
| #define HAVE_MEMORY_H 1
| #define HAVE_STRINGS_H 1
| #define HAVE_INTTYPES_H 1
| #define HAVE_STDINT_H 1
| #define HAVE_UNISTD_H 1
| #define HAVE_STDLIB_H 1
| #define HAVE_STRING_H 1
| #define HAVE_STRINGS_H 1
| #define HAVE_SYS_TIME_H 1
| #define HAVE_UNISTD_H 1
| /* end confdefs.h.  */
| #include <stdio.h>
| #ifdef HAVE_SYS_TYPES_H
| # include <sys/types.h>
| #endif
| #ifdef HAVE_SYS_STAT_H
| # include <sys/stat.h>
| #endif
| #ifdef STDC_HEADERS
| # include <stdlib.h>
| # include <stddef.h>
| #else
| # ifdef HAVE_STDLIB_H
| #  include <stdlib.h>
| # endif
| #endif
| #ifdef HAVE_STRING_H
| # if !defined STDC_HEADERS && defined HAVE_MEMORY_H
| #  include <memory.h>
| # endif
| # include <string.h>
| #endif
| #ifdef HAVE_STRINGS_H
| # include <strings.h>
| #endif
| #ifdef HAVE_INTTYPES_H
| # include <inttypes.h>
| #endif
| #ifdef HAVE_STDINT_H
| # include <stdint.h>
| #endif
| #ifdef HAVE_UNISTD_H
| # include <unistd.h>
| #endif
| int
| main ()
| {
| if (sizeof ((size_t)))
| 	    return 0;
|   ;
|   return 0;
| }
configure:5441: result: yes
configure:5456: checking for stdlib.h
configure:5456: result: yes
configure:5466: checking for GNU libc compatible malloc
configure:5490: g++ -o conftest  -O3 -fopenmp -I../include -march=native -fPIC -mcmodel=medium -msse   conftest.cpp  -lstdc++ >&5
configure:5490: $? = 0
configure:5490: ./conftest
configure:5490: $? = 0
configure:5500: result: yes
configure:5524: checking for gettimeofday
configure:5524: g++ -o conftest  -O3 -fopenmp -I../include -march=native -fPIC -mcmodel=medium -msse   conftest.cpp  -lstdc++ >&5
configure:5524: $? = 0
configure:5524: result: yes
configure:5524: checking for memset
configure:5524: g++ -o conftest  -O3 -fopenmp -I../include -march=native -fPIC -mcmodel=medium -msse   conftest.cpp  -lstdc++ >&5
conftest.cpp:50:6: warning: declaration of 'char memset()' conflicts with built-in declaration 'void* memset(void*, int, long unsigned int)' [-Wbuiltin-declaration-mismatch]
   50 | char memset ();
      |      ^~~~~~
configure:5524: $? = 0
configure:5524: result: yes
configure:5524: checking for sqrt
configure:5524: g++ -o conftest  -O3 -fopenmp -I../include -march=native -fPIC -mcmodel=medium -msse   conftest.cpp  -lstdc++ >&5
conftest.cpp:51:6: warning: declaration of 'char sqrt()' conflicts with built-in declaration 'double sqrt(double)' [-Wbuiltin-declaration-mismatch]
   51 | char sqrt ();
      |      ^~~~
configure:5524: $? = 0
configure:5524: result: yes
configure:5524: checking for strchr
configure:5524: g++ -o conftest  -O3 -fopenmp -I../include -march=native -fPIC -mcmodel=medium -msse   conftest.cpp  -lstdc++ >&5
conftest.cpp:52:6: warning: declaration of 'char strchr()' conflicts with built-in declaration 'char* strchr(const char*, int)' [-Wbuiltin-declaration-mismatch]
   52 | char strchr ();
      |      ^~~~~~
configure:5524: $? = 0
configure:5524: result: yes
configure:5557: checking for nvcc
configure:5573: found /apps/modules/software/CUDA/11.7.0/bin/nvcc
configure:5585: result: nvcc
configure:5639: checking for a sed that does not truncate output
configure:5703: result: /usr/bin/sed
configure:5710: checking for main in -lcudart
configure:5729: g++ -o conftest  -O3 -fopenmp -I../include -march=native -fPIC -mcmodel=medium -msse   conftest.cpp -lcudart   -lstdc++ >&5
configure:5729: $? = 0
configure:5738: result: yes
configure:5777: checking for gawk
configure:5793: found /usr/bin/gawk
configure:5804: result: gawk
configure:5815: checking for CUDA version
configure:5819: result: cuda_11.7.r11.7/compiler.31294372_0
configure:5870: checking for "/apps/modules/software/CUDA/11.7.0/cuda_sdk/common/inc/cutil.h"
configure:5884: result: no
configure:5890: checking for "/usr/local/cuda/samples/common/inc/cutil.h"
configure:5904: result: no
configure:6229: ----------------------Configure Summary--------------------
configure:6231: --Features:
configure:6233:      Using MPI:      no
configure:6235:      Using GPU:      yes
configure:6237:      CUDA version:   cuda_11.7.r11.7/compiler.31294372_0
configure:6239:      Using SIMD:     sse
configure:6253:      mcmodel:        medium
configure:6255:      OpenMP option:  -fopenmp
configure:6257:      Debug mode:     no
configure:6259:      HDF5 format:    no
configure:6261:      TT package:     no
configure:6263: --Compilers:
configure:6265:      C++ compiler:      g++
configure:6267:      Fortran compiler:  gfortran
configure:6269:      CUDA compiler:     nvcc
configure:6271: --Targets:
configure:6273:      Program name:   nbody6++.sse.gpu
configure:6275:      Extra tools:    no
configure:6277:      Install path:   NONE
configure:6279: --Parameters:
configure:6281:      NMAX:           196608
configure:6283:      KMAX:           65536
configure:6285:      LMAX:           600
configure:6287:      MMAX:           2048
configure:6289: -----------------------------------------------------------
configure:6301: Reference paper: Wang, L., et al., 2015, MNRAS, 450, 4070 (http://arxiv.org/abs/1504.03687)
configure:6303: Email: Long Wang<longwang.astro@gmail.com>
configure:6305: -----------------------------------------------------------
configure:6452: creating ./config.status

## ---------------------- ##
## Running config.status. ##
## ---------------------- ##

This file was extended by Nbody6++ config.status 1.0, which was
generated by GNU Autoconf 2.69.  Invocation command line was

  CONFIG_FILES    = 
  CONFIG_HEADERS  = 
  CONFIG_LINKS    = 
  CONFIG_COMMANDS = 
  $ ./config.status 

on tooarrana2

config.status:748: creating Makefile
config.status:748: creating build/Makefile
config.status:748: creating include/params.h

## ---------------- ##
## Cache variables. ##
## ---------------- ##

ac_cv_c_compiler_gnu=yes
ac_cv_c_inline=inline
ac_cv_cxx_compiler_gnu=yes
ac_cv_env_CCC_set=
ac_cv_env_CCC_value=
ac_cv_env_CC_set=
ac_cv_env_CC_value=
ac_cv_env_CFLAGS_set=
ac_cv_env_CFLAGS_value=
ac_cv_env_CPPFLAGS_set=
ac_cv_env_CPPFLAGS_value=
ac_cv_env_CXXCPP_set=
ac_cv_env_CXXCPP_value=
ac_cv_env_CXXFLAGS_set=
ac_cv_env_CXXFLAGS_value=
ac_cv_env_CXX_set=
ac_cv_env_CXX_value=
ac_cv_env_FCFLAGS_set=
ac_cv_env_FCFLAGS_value=
ac_cv_env_FC_set=
ac_cv_env_FC_value=
ac_cv_env_LDFLAGS_set=
ac_cv_env_LDFLAGS_value=
ac_cv_env_LIBS_set=
ac_cv_env_LIBS_value=
ac_cv_env_build_alias_set=
ac_cv_env_build_alias_value=
ac_cv_env_host_alias_set=
ac_cv_env_host_alias_value=
ac_cv_env_target_alias_set=
ac_cv_env_target_alias_value=
ac_cv_fc_compiler_gnu=yes
ac_cv_file__apps_modules_software_CUDA_11_7_0_cuda_sdk_common_inc_cutil_h=no
ac_cv_file__proc_cpuinfo=yes
ac_cv_file__usr_local_cuda_samples_common_inc_cutil_h=no
ac_cv_func_gettimeofday=yes
ac_cv_func_malloc_0_nonnull=yes
ac_cv_func_memset=yes
ac_cv_func_sqrt=yes
ac_cv_func_strchr=yes
ac_cv_header_inttypes_h=yes
ac_cv_header_memory_h=yes
ac_cv_header_stdbool_h=no
ac_cv_header_stdc=yes
ac_cv_header_stdint_h=yes
ac_cv_header_stdlib_h=yes
ac_cv_header_string_h=yes
ac_cv_header_strings_h=yes
ac_cv_header_sys_stat_h=yes
ac_cv_header_sys_time_h=yes
ac_cv_header_sys_types_h=yes
ac_cv_header_unistd_h=yes
ac_cv_lib_cudart_main=yes
ac_cv_lib_stdcpp_main=yes
ac_cv_objext=o
ac_cv_path_EGREP='/usr/bin/grep -E'
ac_cv_path_GREP=/usr/bin/grep
ac_cv_path_SED=/usr/bin/sed
ac_cv_prog_AWK=gawk
ac_cv_prog_CXXCPP='g++ -E'
ac_cv_prog_NVCC=nvcc
ac_cv_prog_ac_ct_CC=gcc
ac_cv_prog_ac_ct_CXX=g++
ac_cv_prog_ac_ct_FC=gfortran
ac_cv_prog_cc_c89=
ac_cv_prog_cc_g=yes
ac_cv_prog_cxx_g=yes
ac_cv_prog_cxx_openmp=-fopenmp
ac_cv_prog_fc_g=yes
ac_cv_prog_fc_openmp=-fopenmp
ac_cv_type__Bool=no
ac_cv_type_size_t=yes
ax_cv_check_cxxflags___fPIC=yes
ax_cv_check_cxxflags___march_native=yes
ax_cv_check_cxxflags___mcmodel_medium=yes
ax_cv_check_cxxflags___msse=yes
ax_cv_check_fcflags___fPIC=yes
ax_cv_check_fcflags___mcmodel_medium=yes

## ----------------- ##
## Output variables. ##
## ----------------- ##

AWK='gawk'
CC='gcc'
CFLAGS='-g -O2'
CPPFLAGS=''
CUFLAGS=' -O3 -I ../extra_inc/cuda'
CXX='g++'
CXXCPP='g++ -E'
CXXFLAGS=' -O3 -fopenmp -I../include -march=native -fPIC -mcmodel=medium -msse ${OMP_FLAGS}'
DEFS='-DPACKAGE_NAME=\"Nbody6++\" -DPACKAGE_TARNAME=\"nbody6--\" -DPACKAGE_VERSION=\"1.0\" -DPACKAGE_STRING=\"Nbody6++\ 1.0\" -DPACKAGE_BUGREPORT=\"longwang.astro@gmail.com\" -DPACKAGE_URL=\"\" -DSTDC_HEADERS=1 -DHAVE_SYS_TYPES_H=1 -DHAVE_SYS_STAT_H=1 -DHAVE_STDLIB_H=1 -DHAVE_STRING_H=1 -DHAVE_MEMORY_H=1 -DHAVE_STRINGS_H=1 -DHAVE_INTTYPES_H=1 -DHAVE_STDINT_H=1 -DHAVE_UNISTD_H=1 -DHAVE_STDLIB_H=1 -DHAVE_STRING_H=1 -DHAVE_STRINGS_H=1 -DHAVE_SYS_TIME_H=1 -DHAVE_UNISTD_H=1 -DHAVE_STDLIB_H=1 -DHAVE_MALLOC=1 -DHAVE_GETTIMEOFDAY=1 -DHAVE_MEMSET=1 -DHAVE_SQRT=1 -DHAVE_STRCHR=1'
ECHO_C=''
ECHO_N='-n'
ECHO_T=''
EGREP='/usr/bin/grep -E'
EXEEXT=''
EXTRAOBJ=' $(CUDA_OBJECTS) ${IRRSSE_OBJECTS}'
EXTRARESULT=''
EXTRASRC=' $(GPU_FSOURCES)'
FC='gfortran'
FCFLAGS=' -I../extra_inc/nompi -O3 -fPIC -mcmodel=medium -fopenmp -I../include $(GPU_FLAGS) ${SIMD_FLAGS} ${OMP_FLAGS}'
GREP='/usr/bin/grep'
KMAX='65536'
LDFLAGS=' -L'
LIBOBJS=''
LIBS=' -lstdc++ -lcudart'
LMAX='600'
LTLIBOBJS=''
MMAX='2048'
MPI_FLAGS=''
NMAX='196608'
NVCC='nvcc'
OBJEXT='o'
OPENMP_CXXFLAGS='-fopenmp'
OPENMP_FCFLAGS='-fopenmp'
PACKAGE_BUGREPORT='longwang.astro@gmail.com'
PACKAGE_NAME='Nbody6++'
PACKAGE_STRING='Nbody6++ 1.0'
PACKAGE_TARNAME='nbody6--'
PACKAGE_URL=''
PACKAGE_VERSION='1.0'
PATH_SEPARATOR=':'
RESULT='.sse.gpu'
SED='/usr/bin/sed'
SHELL='/bin/sh'
ac_ct_CC='gcc'
ac_ct_CXX='g++'
ac_ct_FC='gfortran'
bindir='${exec_prefix}/bin'
build_alias=''
datadir='${datarootdir}'
datarootdir='${prefix}/share'
docdir='${datarootdir}/doc/${PACKAGE_TARNAME}'
dvidir='${docdir}'
exec_prefix='${prefix}'
host_alias=''
htmldir='${docdir}'
includedir='${prefix}/include'
infodir='${datarootdir}/info'
libdir='${exec_prefix}/lib'
libexecdir='${exec_prefix}/libexec'
localedir='${datarootdir}/locale'
localstatedir='${prefix}/var'
mandir='${datarootdir}/man'
oldincludedir='/usr/include'
pdfdir='${docdir}'
prefix='/usr/local'
program_transform_name='s,x,x,'
psdir='${docdir}'
sbindir='${exec_prefix}/sbin'
sharedstatedir='${prefix}/com'
sysconfdir='${prefix}/etc'
target_alias=''

## ----------- ##
## confdefs.h. ##
## ----------- ##

/* confdefs.h */
#define PACKAGE_NAME "Nbody6++"
#define PACKAGE_TARNAME "nbody6--"
#define PACKAGE_VERSION "1.0"
#define PACKAGE_STRING "Nbody6++ 1.0"
#define PACKAGE_BUGREPORT "longwang.astro@gmail.com"
#define PACKAGE_URL ""
#define STDC_HEADERS 1
#define HAVE_SYS_TYPES_H 1
#define HAVE_SYS_STAT_H 1
#define HAVE_STDLIB_H 1
#define HAVE_STRING_H 1
#define HAVE_MEMORY_H 1
#define HAVE_STRINGS_H 1
#define HAVE_INTTYPES_H 1
#define HAVE_STDINT_H 1
#define HAVE_UNISTD_H 1
#define HAVE_STDLIB_H 1
#define HAVE_STRING_H 1
#define HAVE_STRINGS_H 1
#define HAVE_SYS_TIME_H 1
#define HAVE_UNISTD_H 1
#define HAVE_STDLIB_H 1
#define HAVE_MALLOC 1
#define HAVE_GETTIMEOFDAY 1
#define HAVE_MEMSET 1
#define HAVE_SQRT 1
#define HAVE_STRCHR 1

configure: exit 0
